Mono path[0] = 'C:/Users/User/Desktop/RimWorld.v1.4.3690/Game/RimWorldWin64_Data/Managed'
Mono config path = 'C:/Users/User/Desktop/RimWorld.v1.4.3690/Game/MonoBleedingEdge/etc'
Initialize engine version: 2019.4.30f1 (e8c891080a1f)
[Subsystems] Discovering subsystems at path C:/Users/User/Desktop/RimWorld.v1.4.3690/Game/RimWorldWin64_Data/UnitySubsystems
GfxDevice: creating device client; threaded=1
Direct3D:
    Version:  Direct3D 11.0 [level 11.1]
    Renderer: Radeon RX 570 Series (ID=0x67df)
    Vendor:   
    VRAM:     4074 MB
    Driver:   31.0.14043.7000
Begin MonoManager ReloadAssembly
- Completed reload, in  0.093 seconds
<RI> Initializing input.
<RI> Input initialized.
D3D11 device created for Microsoft Media Foundation video decoding.
<RI> Initialized touch support.
UnloadTime: 0.652000 ms
RimWorld 1.4.3690 rev786
Fallback handler could not load library C:/Users/User/Desktop/RimWorld.v1.4.3690/Game/RimWorldWin64_Data/Mono/data-000001A4F8D68030.dll
Fallback handler could not load library C:/Users/User/Desktop/RimWorld.v1.4.3690/Game/RimWorldWin64_Data/Mono/data-000001A4F8B45500.dll
Fallback handler could not load library C:/Users/User/Desktop/RimWorld.v1.4.3690/Game/RimWorldWin64_Data/Mono/data-000001A4F8BEB0D0.dll
Fallback handler could not load library C:/Users/User/Desktop/RimWorld.v1.4.3690/Game/RimWorldWin64_Data/Mono/data-000001A4F8C78010.dll
Fallback handler could not load library C:/Users/User/Desktop/RimWorld.v1.4.3690/Game/RimWorldWin64_Data/Mono/data-000001A4F8E4B840.dll
Fallback handler could not load library C:/Users/User/Desktop/RimWorld.v1.4.3690/Game/RimWorldWin64_Data/Mono/data-000001A4F8E61C50.dll
Fallback handler could not load library C:/Users/User/Desktop/RimWorld.v1.4.3690/Game/RimWorldWin64_Data/Mono/data-000001A4F8C88A50.dll
Fallback handler could not load library C:/Users/User/Desktop/RimWorld.v1.4.3690/Game/RimWorldWin64_Data/Mono/data-000001A4F8CA1010.dll
Fallback handler could not load library C:/Users/User/Desktop/RimWorld.v1.4.3690/Game/RimWorldWin64_Data/Mono/data-000001A4F8CA6020.dll
Fallback handler could not load library C:/Users/User/Desktop/RimWorld.v1.4.3690/Game/RimWorldWin64_Data/Mono/data-000001A4F8CB3A40.dll
Fallback handler could not load library C:/Users/User/Desktop/RimWorld.v1.4.3690/Game/RimWorldWin64_Data/Mono/data-000001A4F8CB7C50.dll
Fallback handler could not load library C:/Users/User/Desktop/RimWorld.v1.4.3690/Game/RimWorldWin64_Data/Mono/data-000001A4F8E6A270.dll
Fallback handler could not load library C:/Users/User/Desktop/RimWorld.v1.4.3690/Game/RimWorldWin64_Data/Mono/data-000001A4F8E9A480.dll
Fallback handler could not load library C:/Users/User/Desktop/RimWorld.v1.4.3690/Game/RimWorldWin64_Data/Mono/data-000001A4F8D094A0.dll
Fallback handler could not load library C:/Users/User/Desktop/RimWorld.v1.4.3690/Game/RimWorldWin64_Data/Mono/data-000001A4F8EA3EA0.dll
Fallback handler could not load library C:/Users/User/Desktop/RimWorld.v1.4.3690/Game/RimWorldWin64_Data/Mono/data-000001A4F8EC00C0.dll
Fallback handler could not load library C:/Users/User/Desktop/RimWorld.v1.4.3690/Game/RimWorldWin64_Data/Mono/data-000001A4F8D0CCB0.dll
Fallback handler could not load library C:/Users/User/Desktop/RimWorld.v1.4.3690/Game/RimWorldWin64_Data/Mono/data-000001A4F8D0EAC0.dll
Fallback handler could not load library C:/Users/User/Desktop/RimWorld.v1.4.3690/Game/RimWorldWin64_Data/Mono/data-000001A4F8EDAAD0.dll
Fallback handler could not load library C:/Users/User/Desktop/RimWorld.v1.4.3690/Game/RimWorldWin64_Data/Mono/data-000001A4F8EEE100.dll
Fallback handler could not load library C:/Users/User/Desktop/RimWorld.v1.4.3690/Game/RimWorldWin64_Data/Mono/data-000001A4F8F43010.dll
Fallback handler could not load library C:/Users/User/Desktop/RimWorld.v1.4.3690/Game/RimWorldWin64_Data/Mono/data-000001A4F8F74C50.dll
Fallback handler could not load library C:/Users/User/Desktop/RimWorld.v1.4.3690/Game/RimWorldWin64_Data/Mono/data-000001A4F90A6010.dll
Fallback handler could not load library C:/Users/User/Desktop/RimWorld.v1.4.3690/Game/RimWorldWin64_Data/Mono/data-000001A4F90ACC30.dll
Fallback handler could not load library C:/Users/User/Desktop/RimWorld.v1.4.3690/Game/RimWorldWin64_Data/Mono/data-000001A4F8F64C90.dll
Fallback handler could not load library C:/Users/User/Desktop/RimWorld.v1.4.3690/Game/RimWorldWin64_Data/Mono/data-000001A4F90C3470.dll
Fallback handler could not load library C:/Users/User/Desktop/RimWorld.v1.4.3690/Game/RimWorldWin64_Data/Mono/data-000001A4F90D6880.dll
Fallback handler could not load library C:/Users/User/Desktop/RimWorld.v1.4.3690/Game/RimWorldWin64_Data/Mono/data-000001A4F90D9C90.dll
Fallback handler could not load library C:/Users/User/Desktop/RimWorld.v1.4.3690/Game/RimWorldWin64_Data/Mono/data-000001A4F90EBAC0.dll
Fallback handler could not load library C:/Users/User/Desktop/RimWorld.v1.4.3690/Game/RimWorldWin64_Data/Mono/data-000001A4F90F10D0.dll
Fallback handler could not load library C:/Users/User/Desktop/RimWorld.v1.4.3690/Game/RimWorldWin64_Data/Mono/data-000001A4F90F36E0.dll
Fallback handler could not load library C:/Users/User/Desktop/RimWorld.v1.4.3690/Game/RimWorldWin64_Data/Mono/data-000001A4F923B830.dll
Fallback handler could not load library C:/Users/User/Desktop/RimWorld.v1.4.3690/Game/RimWorldWin64_Data/Mono/data-000001A4D3FD5920.dll
Fallback handler could not load library C:/Users/User/Desktop/RimWorld.v1.4.3690/Game/RimWorldWin64_Data/Mono/data-000001A4F9248A50.dll
Fallback handler could not load library C:/Users/User/Desktop/RimWorld.v1.4.3690/Game/RimWorldWin64_Data/Mono/data-000001A4F925D470.dll
Fallback handler could not load library C:/Users/User/Desktop/RimWorld.v1.4.3690/Game/RimWorldWin64_Data/Mono/data-000001A4F925F880.dll
Fallback handler could not load library C:/Users/User/Desktop/RimWorld.v1.4.3690/Game/RimWorldWin64_Data/Mono/data-000001A4F9287EA0.dll
Fallback handler could not load library C:/Users/User/Desktop/RimWorld.v1.4.3690/Game/RimWorldWin64_Data/Mono/data-000001A4F93DE830.dll
Fallback handler could not load library C:/Users/User/Desktop/RimWorld.v1.4.3690/Game/RimWorldWin64_Data/Mono/data-000001A4F942B770.dll
Fallback handler could not load library C:/Users/User/Desktop/RimWorld.v1.4.3690/Game/RimWorldWin64_Data/Mono/data-000001A4F942E9A0.dll
Fallback handler could not load library C:/Users/User/Desktop/RimWorld.v1.4.3690/Game/RimWorldWin64_Data/Mono/data-000001A4F94665C0.dll
Fallback handler could not load library C:/Users/User/Desktop/RimWorld.v1.4.3690/Game/RimWorldWin64_Data/Mono/data-000001A4F8F674A0.dll
Fallback handler could not load library C:/Users/User/Desktop/RimWorld.v1.4.3690/Game/RimWorldWin64_Data/Mono/data-000001A4F94699E0.dll
Fallback handler could not load library C:/Users/User/Desktop/RimWorld.v1.4.3690/Game/RimWorldWin64_Data/Mono/data-000001A4F94AC140.dll
Fallback handler could not load library C:/Users/User/Desktop/RimWorld.v1.4.3690/Game/RimWorldWin64_Data/Mono/data-000001A4F8B42CE0.dll
Fallback handler could not load library C:/Users/User/Desktop/RimWorld.v1.4.3690/Game/RimWorldWin64_Data/Mono/data-000001A4F94B0950.dll
ReflectionTypeLoadException getting types in assembly Stabilize: System.Reflection.ReflectionTypeLoadException: Exception of type 'System.Reflection.ReflectionTypeLoadException' was thrown.
  at (wrapper managed-to-native) System.Reflection.Assembly.GetTypes(System.Reflection.Assembly,bool)
  at System.Reflection.Assembly.GetTypes () [0x00000] in <eae584ce26bc40229c1b1aa476bfa589>:0 
  at Verse.ModAssemblyHandler.AssemblyIsUsable (System.Reflection.Assembly asm) [0x00000] in <34fc1196cf4843f18a110321399762b2>:0 

Loader exceptions:
   => System.TypeLoadException: Could not resolve type with token 01000010 (from typeref, class/assembly HugsLib.ModBase, HugsLib, Version=1.0.0.0, Culture=neutral, PublicKeyToken=null)
 
(Filename: C:\buildslave\unity\build\Runtime/Export/Debug/Debug.bindings.h Line: 39)

Fallback handler could not load library C:/Users/User/Desktop/RimWorld.v1.4.3690/Game/RimWorldWin64_Data/Mono/data-000001A4F9627820.dll
Fallback handler could not load library C:/Users/User/Desktop/RimWorld.v1.4.3690/Game/RimWorldWin64_Data/Mono/data-000001A4F964F430.dll
Fallback handler could not load library C:/Users/User/Desktop/RimWorld.v1.4.3690/Game/RimWorldWin64_Data/Mono/data-000001A4F9655040.dll
Fallback handler could not load library C:/Users/User/Desktop/RimWorld.v1.4.3690/Game/RimWorldWin64_Data/Mono/data-000001A4FA10BA90.dll
Fallback handler could not load library C:/Users/User/Desktop/RimWorld.v1.4.3690/Game/RimWorldWin64_Data/Mono/data-000001A4FA13E5C0.dll
Fallback handler could not load library C:/Users/User/Desktop/RimWorld.v1.4.3690/Game/RimWorldWin64_Data/Mono/data-000001A4FA160FD0.dll
Fallback handler could not load library C:/Users/User/Desktop/RimWorld.v1.4.3690/Game/RimWorldWin64_Data/Mono/data-000001A4FA1789F0.dll
Fallback handler could not load library C:/Users/User/Desktop/RimWorld.v1.4.3690/Game/RimWorldWin64_Data/Mono/data-000001A4FA185010.dll
Fallback handler could not load library C:/Users/User/Desktop/RimWorld.v1.4.3690/Game/RimWorldWin64_Data/Mono/data-000001A4FA1C8820.dll
Fallback handler could not load library C:/Users/User/Desktop/RimWorld.v1.4.3690/Game/RimWorldWin64_Data/Mono/data-000001A4F9501590.dll
Fallback handler could not load library C:/Users/User/Desktop/RimWorld.v1.4.3690/Game/RimWorldWin64_Data/Mono/data-000001A4F8B3F0B0.dll
Fallback handler could not load library C:/Users/User/Desktop/RimWorld.v1.4.3690/Game/RimWorldWin64_Data/Mono/data-000001A4FA1D9840.dll
Fallback handler could not load library C:/Users/User/Desktop/RimWorld.v1.4.3690/Game/RimWorldWin64_Data/Mono/data-000001A4FA1E7460.dll
Fallback handler could not load library C:/Users/User/Desktop/RimWorld.v1.4.3690/Game/RimWorldWin64_Data/Mono/data-000001A4FA2FF2C0.dll
Fallback handler could not load library C:/Users/User/Desktop/RimWorld.v1.4.3690/Game/RimWorldWin64_Data/Mono/data-000001A4FA3198D0.dll
Fallback handler could not load library C:/Users/User/Desktop/RimWorld.v1.4.3690/Game/RimWorldWin64_Data/Mono/data-000001A4F965A570.dll
Fallback handler could not load library C:/Users/User/Desktop/RimWorld.v1.4.3690/Game/RimWorldWin64_Data/Mono/data-000001A4FA322CE0.dll
Fallback handler could not load library C:/Users/User/Desktop/RimWorld.v1.4.3690/Game/RimWorldWin64_Data/Mono/data-000001A4FA34C2F0.dll
Fallback handler could not load library C:/Users/User/Desktop/RimWorld.v1.4.3690/Game/RimWorldWin64_Data/Mono/data-000001A4FA38C010.dll
Fallback handler could not load library C:/Users/User/Desktop/RimWorld.v1.4.3690/Game/RimWorldWin64_Data/Mono/data-000001A4FA38E220.dll
Fallback handler could not load library C:/Users/User/Desktop/RimWorld.v1.4.3690/Game/RimWorldWin64_Data/Mono/data-000001A4FA399240.dll
Fallback handler could not load library C:/Users/User/Desktop/RimWorld.v1.4.3690/Game/RimWorldWin64_Data/Mono/data-000001A4F951CF20.dll
Fallback handler could not load library C:/Users/User/Desktop/RimWorld.v1.4.3690/Game/RimWorldWin64_Data/Mono/data-000001A4D3FE9970.dll
Fallback handler could not load library C:/Users/User/Desktop/RimWorld.v1.4.3690/Game/RimWorldWin64_Data/Mono/data-000001A4FA3A2250.dll
Fallback handler could not load library C:/Users/User/Desktop/RimWorld.v1.4.3690/Game/RimWorldWin64_Data/Mono/data-000001A4FA3A9260.dll
Fallback handler could not load library C:/Users/User/Desktop/RimWorld.v1.4.3690/Game/RimWorldWin64_Data/Mono/data-000001A4FA3AF270.dll
Fallback handler could not load library C:/Users/User/Desktop/RimWorld.v1.4.3690/Game/RimWorldWin64_Data/Mono/data-000001A4FA3C4AA0.dll
Fallback handler could not load library C:/Users/User/Desktop/RimWorld.v1.4.3690/Game/RimWorldWin64_Data/Mono/data-000001A4FA3E34E0.dll
Fallback handler could not load library C:/Users/User/Desktop/RimWorld.v1.4.3690/Game/RimWorldWin64_Data/Mono/data-000001A4FA3E70F0.dll
Fallback handler could not load library C:/Users/User/Desktop/RimWorld.v1.4.3690/Game/RimWorldWin64_Data/Mono/data-000001A4FA40B100.dll
Fallback handler could not load library C:/Users/User/Desktop/RimWorld.v1.4.3690/Game/RimWorldWin64_Data/Mono/data-000001A4FA41B120.dll
Fallback handler could not load library C:/Users/User/Desktop/RimWorld.v1.4.3690/Game/RimWorldWin64_Data/Mono/data-000001A4FA427130.dll
Fallback handler could not load library C:/Users/User/Desktop/RimWorld.v1.4.3690/Game/RimWorldWin64_Data/Mono/data-000001A4FA429340.dll
Fallback handler could not load library C:/Users/User/Desktop/RimWorld.v1.4.3690/Game/RimWorldWin64_Data/Mono/data-000001A4FA430350.dll
Fallback handler could not load library C:/Users/User/Desktop/RimWorld.v1.4.3690/Game/RimWorldWin64_Data/Mono/data-000001A4FA43A360.dll
Fallback handler could not load library C:/Users/User/Desktop/RimWorld.v1.4.3690/Game/RimWorldWin64_Data/Mono/data-000001A4FA440370.dll
Fallback handler could not load library C:/Users/User/Desktop/RimWorld.v1.4.3690/Game/RimWorldWin64_Data/Mono/data-000001A4FA44E390.dll
Fallback handler could not load library C:/Users/User/Desktop/RimWorld.v1.4.3690/Game/RimWorldWin64_Data/Mono/data-000001A4FA4515A0.dll
Fallback handler could not load library C:/Users/User/Desktop/RimWorld.v1.4.3690/Game/RimWorldWin64_Data/Mono/data-000001A4D3FF59A0.dll
Fallback handler could not load library C:/Users/User/Desktop/RimWorld.v1.4.3690/Game/RimWorldWin64_Data/Mono/data-000001A4FA45B1C0.dll
Fallback handler could not load library C:/Users/User/Desktop/RimWorld.v1.4.3690/Game/RimWorldWin64_Data/Mono/data-000001A4FA4651E0.dll
Fallback handler could not load library C:/Users/User/Desktop/RimWorld.v1.4.3690/Game/RimWorldWin64_Data/Mono/data-000001A4FA485C00.dll
Fallback handler could not load library C:/Users/User/Desktop/RimWorld.v1.4.3690/Game/RimWorldWin64_Data/Mono/data-000001A4FA49EC20.dll
Fallback handler could not load library C:/Users/User/Desktop/RimWorld.v1.4.3690/Game/RimWorldWin64_Data/Mono/data-000001A4FA4B6440.dll
Fallback handler could not load library C:/Users/User/Desktop/RimWorld.v1.4.3690/Game/RimWorldWin64_Data/Mono/data-000001A4FA4BAC50.dll
Fallback handler could not load library C:/Users/User/Desktop/RimWorld.v1.4.3690/Game/RimWorldWin64_Data/Mono/data-000001A4FA4D7080.dll
Fallback handler could not load library C:/Users/User/Desktop/RimWorld.v1.4.3690/Game/RimWorldWin64_Data/Mono/data-000001A4FA4D8090.dll
Fallback handler could not load library C:/Users/User/Desktop/RimWorld.v1.4.3690/Game/RimWorldWin64_Data/Mono/data-000001A4FA4E6AA0.dll
Fallback handler could not load library C:/Users/User/Desktop/RimWorld.v1.4.3690/Game/RimWorldWin64_Data/Mono/data-000001A4FA4F00C0.dll
Fallback handler could not load library C:/Users/User/Desktop/RimWorld.v1.4.3690/Game/RimWorldWin64_Data/Mono/data-000001A4F8F6C4C0.dll
Fallback handler could not load library C:/Users/User/Desktop/RimWorld.v1.4.3690/Game/RimWorldWin64_Data/Mono/data-000001A4FA4F56E0.dll
Fallback handler could not load library C:/Users/User/Desktop/RimWorld.v1.4.3690/Game/RimWorldWin64_Data/Mono/data-000001A4FA50C710.dll
Fallback handler could not load library C:/Users/User/Desktop/RimWorld.v1.4.3690/Game/RimWorldWin64_Data/Mono/data-000001A4FA50DF20.dll
Fallback handler could not load library C:/Users/User/Desktop/RimWorld.v1.4.3690/Game/RimWorldWin64_Data/Mono/data-000001A4FA50F730.dll
Fallback handler could not load library C:/Users/User/Desktop/RimWorld.v1.4.3690/Game/RimWorldWin64_Data/Mono/data-000001A4FA511F50.dll
Fallback handler could not load library C:/Users/User/Desktop/RimWorld.v1.4.3690/Game/RimWorldWin64_Data/Mono/data-000001A4FA51BF60.dll
Fallback handler could not load library C:/Users/User/Desktop/RimWorld.v1.4.3690/Game/RimWorldWin64_Data/Mono/data-000001A4FA523970.dll
Fallback handler could not load library C:/Users/User/Desktop/RimWorld.v1.4.3690/Game/RimWorldWin64_Data/Mono/data-000001A4FA52CDA0.dll
Fallback handler could not load library C:/Users/User/Desktop/RimWorld.v1.4.3690/Game/RimWorldWin64_Data/Mono/data-000001A4FA52FDB0.dll
Fallback handler could not load library C:/Users/User/Desktop/RimWorld.v1.4.3690/Game/RimWorldWin64_Data/Mono/data-000001A4FA534BC0.dll
Fallback handler could not load library C:/Users/User/Desktop/RimWorld.v1.4.3690/Game/RimWorldWin64_Data/Mono/data-000001A4FA583900.dll
Fallback handler could not load library C:/Users/User/Desktop/RimWorld.v1.4.3690/Game/RimWorldWin64_Data/Mono/data-000001A4FA611D50.dll
Fallback handler could not load library C:/Users/User/Desktop/RimWorld.v1.4.3690/Game/RimWorldWin64_Data/Mono/data-000001A4FA665560.dll
Fallback handler could not load library C:/Users/User/Desktop/RimWorld.v1.4.3690/Game/RimWorldWin64_Data/Mono/data-000001A4F8B440F0.dll
Fallback handler could not load library C:/Users/User/Desktop/RimWorld.v1.4.3690/Game/RimWorldWin64_Data/Mono/data-000001A4FA680030.dll
Fallback handler could not load library C:/Users/User/Desktop/RimWorld.v1.4.3690/Game/RimWorldWin64_Data/Mono/data-000001A4FA68CE50.dll
Fallback handler could not load library C:/Users/User/Desktop/RimWorld.v1.4.3690/Game/RimWorldWin64_Data/Mono/data-000001A4FA690660.dll
Fallback handler could not load library C:/Users/User/Desktop/RimWorld.v1.4.3690/Game/RimWorldWin64_Data/Mono/data-000001A4FA699CA0.dll
Fallback handler could not load library C:/Users/User/Desktop/RimWorld.v1.4.3690/Game/RimWorldWin64_Data/Mono/data-000001A4FA69AEB0.dll
Fallback handler could not load library C:/Users/User/Desktop/RimWorld.v1.4.3690/Game/RimWorldWin64_Data/Mono/data-000001A4FA6BFED0.dll
Fallback handler could not load library C:/Users/User/Desktop/RimWorld.v1.4.3690/Game/RimWorldWin64_Data/Mono/data-000001A4FA6C80F0.dll
Fallback handler could not load library C:/Users/User/Desktop/RimWorld.v1.4.3690/Game/RimWorldWin64_Data/Mono/data-000001A4FA378FF0.dll
Fallback handler could not load library C:/Users/User/Desktop/RimWorld.v1.4.3690/Game/RimWorldWin64_Data/Mono/data-000001A4FA6CA700.dll
Fallback handler could not load library C:/Users/User/Desktop/RimWorld.v1.4.3690/Game/RimWorldWin64_Data/Mono/data-000001A4FA6D6F10.dll
Fallback handler could not load library C:/Users/User/Desktop/RimWorld.v1.4.3690/Game/RimWorldWin64_Data/Mono/data-000001A4FA6EB330.dll
Fallback handler could not load library C:/Users/User/Desktop/RimWorld.v1.4.3690/Game/RimWorldWin64_Data/Mono/data-000001A4FA743010.dll
Fallback handler could not load library C:/Users/User/Desktop/RimWorld.v1.4.3690/Game/RimWorldWin64_Data/Mono/data-000001A4FA83DC50.dll
Fallback handler could not load library C:/Users/User/Desktop/RimWorld.v1.4.3690/Game/RimWorldWin64_Data/Mono/data-000001A4FA925C70.dll
Fallback handler could not load library C:/Users/User/Desktop/RimWorld.v1.4.3690/Game/RimWorldWin64_Data/Mono/data-000001A4FA9CA600.dll
Fallback handler could not load library C:/Users/User/Desktop/RimWorld.v1.4.3690/Game/RimWorldWin64_Data/Mono/data-000001A4FA9F3C20.dll
Fallback handler could not load library C:/Users/User/Desktop/RimWorld.v1.4.3690/Game/RimWorldWin64_Data/Mono/data-000001A4FAA19250.dll
Fallback handler could not load library C:/Users/User/Desktop/RimWorld.v1.4.3690/Game/RimWorldWin64_Data/Mono/data-000001A4FAA1AE60.dll
Fallback handler could not load library C:/Users/User/Desktop/RimWorld.v1.4.3690/Game/RimWorldWin64_Data/Mono/data-000001A4FAB056A0.dll
Fallback handler could not load library C:/Users/User/Desktop/RimWorld.v1.4.3690/Game/RimWorldWin64_Data/Mono/data-000001A4FAB0ACB0.dll
Fallback handler could not load library C:/Users/User/Desktop/RimWorld.v1.4.3690/Game/RimWorldWin64_Data/Mono/data-000001A4FAB326D0.dll
Fallback handler could not load library C:/Users/User/Desktop/RimWorld.v1.4.3690/Game/RimWorldWin64_Data/Mono/data-000001A4FAB3EAE0.dll
Fallback handler could not load library C:/Users/User/Desktop/RimWorld.v1.4.3690/Game/RimWorldWin64_Data/Mono/data-000001A4FAB57B10.dll
Fallback handler could not load library C:/Users/User/Desktop/RimWorld.v1.4.3690/Game/RimWorldWin64_Data/Mono/data-000001A4FAB5AD20.dll
Fallback handler could not load library C:/Users/User/Desktop/RimWorld.v1.4.3690/Game/RimWorldWin64_Data/Mono/data-000001A4FABA3950.dll
Fallback handler could not load library C:/Users/User/Desktop/RimWorld.v1.4.3690/Game/RimWorldWin64_Data/Mono/data-000001A4FABA7770.dll
Fallback handler could not load library C:/Users/User/Desktop/RimWorld.v1.4.3690/Game/RimWorldWin64_Data/Mono/data-000001A4FABACD80.dll
Fallback handler could not load library C:/Users/User/Desktop/RimWorld.v1.4.3690/Game/RimWorldWin64_Data/Mono/data-000001A4FABB27A0.dll
Fallback handler could not load library C:/Users/User/Desktop/RimWorld.v1.4.3690/Game/RimWorldWin64_Data/Mono/data-000001A4FABC7BC0.dll
Fallback handler could not load library C:/Users/User/Desktop/RimWorld.v1.4.3690/Game/RimWorldWin64_Data/Mono/data-000001A4FABCD7D0.dll
Fallback handler could not load library C:/Users/User/Desktop/RimWorld.v1.4.3690/Game/RimWorldWin64_Data/Mono/data-000001A4FABD23E0.dll
Fallback handler could not load library C:/Users/User/Desktop/RimWorld.v1.4.3690/Game/RimWorldWin64_Data/Mono/data-000001A4FABD65F0.dll
Fallback handler could not load library C:/Users/User/Desktop/RimWorld.v1.4.3690/Game/RimWorldWin64_Data/Mono/data-000001A4FABDAE10.dll
Fallback handler could not load library C:/Users/User/Desktop/RimWorld.v1.4.3690/Game/RimWorldWin64_Data/Mono/data-000001A4FABDC020.dll
Fallback handler could not load library C:/Users/User/Desktop/RimWorld.v1.4.3690/Game/RimWorldWin64_Data/Mono/data-000001A4FABDDE30.dll
Fallback handler could not load library C:/Users/User/Desktop/RimWorld.v1.4.3690/Game/RimWorldWin64_Data/Mono/data-000001A4FABE9650.dll
Fallback handler could not load library C:/Users/User/Desktop/RimWorld.v1.4.3690/Game/RimWorldWin64_Data/Mono/data-000001A4FABEBA70.dll
Fallback handler could not load library C:/Users/User/Desktop/RimWorld.v1.4.3690/Game/RimWorldWin64_Data/Mono/data-000001A4FABEEE80.dll
Fallback handler could not load library C:/Users/User/Desktop/RimWorld.v1.4.3690/Game/RimWorldWin64_Data/Mono/data-000001A4FA73C160.dll
Fallback handler could not load library C:/Users/User/Desktop/RimWorld.v1.4.3690/Game/RimWorldWin64_Data/Mono/data-000001A4FABF4A90.dll
Fallback handler could not load library C:/Users/User/Desktop/RimWorld.v1.4.3690/Game/RimWorldWin64_Data/Mono/data-000001A4FABF8EA0.dll
Fallback handler could not load library C:/Users/User/Desktop/RimWorld.v1.4.3690/Game/RimWorldWin64_Data/Mono/data-000001A4FAC15AD0.dll
Fallback handler could not load library C:/Users/User/Desktop/RimWorld.v1.4.3690/Game/RimWorldWin64_Data/Mono/data-000001A4FAC222F0.dll
Fallback handler could not load library C:/Users/User/Desktop/RimWorld.v1.4.3690/Game/RimWorldWin64_Data/Mono/data-000001A4FAC26F10.dll
Fallback handler could not load library C:/Users/User/Desktop/RimWorld.v1.4.3690/Game/RimWorldWin64_Data/Mono/data-000001A4FAD2A4C0.dll
Fallback handler could not load library C:/Users/User/Desktop/RimWorld.v1.4.3690/Game/RimWorldWin64_Data/Mono/data-000001A4FAF59100.dll
Fallback handler could not load library C:/Users/User/Desktop/RimWorld.v1.4.3690/Game/RimWorldWin64_Data/Mono/data-000001A4FB604020.dll
[VanillaAchievementsExpanded] version 1.4.8315
[HugsLib] version 10.0.1
<color=#66ffb5>[MeleeAnim]</color> Hello, world!
Build date: 3/16/2023 8:14 PM
Loaded assemblies (10):
0BetterFloatMenu, Version=1.2.0.0, Culture=neutral, PublicKeyToken=null,
0ColourPicker, Version=1.0.0.0, Culture=neutral, PublicKeyToken=null,
Meta.Numerics, Version=3.1.0.0, Culture=neutral, PublicKeyToken=67d25c65a6631347,
Unity.Newtonsoft.Json, Version=7.0.0.0, Culture=neutral, PublicKeyToken=null,
zAnimationMod, Version=1.0.0.0, Culture=neutral, PublicKeyToken=null,
AAMRetextureSupport, Version=0.0.0.0, Culture=neutral, PublicKeyToken=null,
AM.AlienRacesPatch, Version=0.0.0.0, Culture=neutral, PublicKeyToken=null,
AMRetextureSupport, Version=0.0.0.0, Culture=neutral, PublicKeyToken=null,
GistAPI, Version=0.0.0.0, Culture=neutral, PublicKeyToken=null,
ModRequestAPI, Version=1.0.0.0, Culture=neutral, PublicKeyToken=null
<color=#66ffb5>[MeleeAnim]</color> <color=#ffa8fc>[Alien Races Patch]</color> Loaded alien races patch!
Fallback handler could not load library C:/Users/User/Desktop/RimWorld.v1.4.3690/Game/RimWorldWin64_Data/Mono/data-000001A4FF154050.dll
Could not find a type named Stabilize.JobDriver_StabilizeHere 
(Filename: C:\buildslave\unity\build\Runtime/Export/Debug/Debug.bindings.h Line: 39)

Parsed 8.5 as int. 
(Filename: C:\buildslave\unity\build\Runtime/Export/Debug/Debug.bindings.h Line: 39)

Parsed 5.5 as int. 
(Filename: C:\buildslave\unity\build\Runtime/Export/Debug/Debug.bindings.h Line: 39)

Parsed 197.5 as int. 
(Filename: C:\buildslave\unity\build\Runtime/Export/Debug/Debug.bindings.h Line: 39)

Parsed 197.5 as int. 
(Filename: C:\buildslave\unity\build\Runtime/Export/Debug/Debug.bindings.h Line: 39)

Parsed 197.5 as int. 
(Filename: C:\buildslave\unity\build\Runtime/Export/Debug/Debug.bindings.h Line: 39)

Parsed 1.4 as int. 
(Filename: C:\buildslave\unity\build\Runtime/Export/Debug/Debug.bindings.h Line: 39)

Parsed 1.4 as int. 
(Filename: C:\buildslave\unity\build\Runtime/Export/Debug/Debug.bindings.h Line: 39)

Parsed 1.4 as int. 
(Filename: C:\buildslave\unity\build\Runtime/Export/Debug/Debug.bindings.h Line: 39)

Parsed 1.4 as int. 
(Filename: C:\buildslave\unity\build\Runtime/Export/Debug/Debug.bindings.h Line: 39)

Parsed 1.4 as int. 
(Filename: C:\buildslave\unity\build\Runtime/Export/Debug/Debug.bindings.h Line: 39)

Tried to use an uninitialized DefOf of type DamageDefOf. DefOfs are initialized right after all defs all loaded. Uninitialized DefOfs will return only nulls. (hint: don't use DefOfs as default field values in Defs, try to resolve them in ResolveReferences() instead) Debug info: DirectXmlToObject is currently instantiating an object of type MaruTrapArbitrarySetting.MaruTrapDamageDef 
(Filename: C:\buildslave\unity\build\Runtime/Export/Debug/Debug.bindings.h Line: 39)

Tried to use an uninitialized DefOf of type RulePackDefOf. DefOfs are initialized right after all defs all loaded. Uninitialized DefOfs will return only nulls. (hint: don't use DefOfs as default field values in Defs, try to resolve them in ResolveReferences() instead) Debug info: DirectXmlToObject is currently instantiating an object of type MaruTrapArbitrarySetting.MaruTrapDamageDef 
(Filename: C:\buildslave\unity\build\Runtime/Export/Debug/Debug.bindings.h Line: 39)

Parsed 6.9 as int. 
(Filename: C:\buildslave\unity\build\Runtime/Export/Debug/Debug.bindings.h Line: 39)

Parsed 8.1 as int. 
(Filename: C:\buildslave\unity\build\Runtime/Export/Debug/Debug.bindings.h Line: 39)

Parsed 14.9 as int. 
(Filename: C:\buildslave\unity\build\Runtime/Export/Debug/Debug.bindings.h Line: 39)

Parsed 14.9 as int. 
(Filename: C:\buildslave\unity\build\Runtime/Export/Debug/Debug.bindings.h Line: 39)

Parsed 14.9 as int. 
(Filename: C:\buildslave\unity\build\Runtime/Export/Debug/Debug.bindings.h Line: 39)

Could not resolve cross-reference: No Verse.SoundDef named MR_PulseT found to give to Verse.SkyfallerProperties Verse.SkyfallerProperties (using undefined sound instead) 
(Filename: C:\buildslave\unity\build\Runtime/Export/Debug/Debug.bindings.h Line: 39)

Knowledge data was missing key Concept_SimpleSidearmsBasic. Adding it... 
(Filename: C:\buildslave\unity\build\Runtime/Export/Debug/Debug.bindings.h Line: 39)

Knowledge data was missing key Concept_SidearmsDropping. Adding it... 
(Filename: C:\buildslave\unity\build\Runtime/Export/Debug/Debug.bindings.h Line: 39)

Knowledge data was missing key Concept_SidearmsMissing. Adding it... 
(Filename: C:\buildslave\unity\build\Runtime/Export/Debug/Debug.bindings.h Line: 39)

Knowledge data was missing key Concept_SimpleSidearmsPreference. Adding it... 
(Filename: C:\buildslave\unity\build\Runtime/Export/Debug/Debug.bindings.h Line: 39)

Knowledge data was missing key Concept_SimpleSidearmsAdvancedRanged. Adding it... 
(Filename: C:\buildslave\unity\build\Runtime/Export/Debug/Debug.bindings.h Line: 39)

Knowledge data was missing key Concept_SimpleSidearmsAdvancedMelee. Adding it... 
(Filename: C:\buildslave\unity\build\Runtime/Export/Debug/Debug.bindings.h Line: 39)

Knowledge data was missing key Concept_SimpleSidearmsAdvancedDrafted. Adding it... 
(Filename: C:\buildslave\unity\build\Runtime/Export/Debug/Debug.bindings.h Line: 39)

Knowledge data was missing key Concept_SimpleSidearmsLosingWeapons. Adding it... 
(Filename: C:\buildslave\unity\build\Runtime/Export/Debug/Debug.bindings.h Line: 39)

Knowledge data was missing key Concept_CEOverride. Adding it... 
(Filename: C:\buildslave\unity\build\Runtime/Export/Debug/Debug.bindings.h Line: 39)

Knowledge data was missing key GuestBeds. Adding it... 
(Filename: C:\buildslave\unity\build\Runtime/Export/Debug/Debug.bindings.h Line: 39)

Knowledge data was missing key RecruitGuest. Adding it... 
(Filename: C:\buildslave\unity\build\Runtime/Export/Debug/Debug.bindings.h Line: 39)

Knowledge data was missing key GuestWork. Adding it... 
(Filename: C:\buildslave\unity\build\Runtime/Export/Debug/Debug.bindings.h Line: 39)

Knowledge data was missing key Hospitality. Adding it... 
(Filename: C:\buildslave\unity\build\Runtime/Export/Debug/Debug.bindings.h Line: 39)

[MadSkills]: changed behavior of Great Memory trait.
Key binding conflict: MainTab_MedicalTab and Misc7 are both bound to M. 
(Filename: C:\buildslave\unity\build\Runtime/Export/Debug/Debug.bindings.h Line: 39)

Key binding conflict: Misc7 and MainTab_MedicalTab are both bound to M. 
(Filename: C:\buildslave\unity\build\Runtime/Export/Debug/Debug.bindings.h Line: 39)

d3d11: failed to create 2D texture id=18396 width=30 height=30 mips=6 dxgifmt=28 [D3D error was 80070057]
 
(Filename:  Line: 587)

d3d11: failed to create 2D texture shader resource view id=18396 [D3D error was 80070057]
 
(Filename:  Line: 537)

d3d11: failed to create 2D texture id=20786 width=23 height=61 mips=7 dxgifmt=28 [D3D error was 80070057]
 
(Filename:  Line: 587)

d3d11: failed to create 2D texture shader resource view id=20786 [D3D error was 80070057]
 
(Filename:  Line: 537)

Translation data for language English has 76 errors. Generate translation report for more info. 
(Filename: C:\buildslave\unity\build\Runtime/Export/Debug/Debug.bindings.h Line: 39)

Wall Light: v1.4.8342.22836
Textures were not found for one or more extended graphics, enable devmode for more information
Textures were not found for one or more extended graphics, enable devmode for more information
Textures were not found for one or more extended graphics, enable devmode for more information
Textures were not found for one or more extended graphics, enable devmode for more information
Textures were not found for one or more extended graphics, enable devmode for more information
Textures were not found for one or more extended graphics, enable devmode for more information
Textures were not found for one or more extended graphics, enable devmode for more information
Textures were not found for one or more extended graphics, enable devmode for more information
Textures were not found for one or more extended graphics, enable devmode for more information
Textures were not found for one or more extended graphics, enable devmode for more information
Textures were not found for one or more extended graphics, enable devmode for more information
Textures were not found for one or more extended graphics, enable devmode for more information
Textures were not found for one or more extended graphics, enable devmode for more information
Textures were not found for one or more extended graphics, enable devmode for more information
Textures were not found for one or more extended graphics, enable devmode for more information
Textures were not found for one or more extended graphics, enable devmode for more information
Textures were not found for one or more extended graphics, enable devmode for more information
Textures were not found for one or more extended graphics, enable devmode for more information
Textures were not found for one or more extended graphics, enable devmode for more information
Textures were not found for one or more extended graphics, enable devmode for more information
Textures were not found for one or more extended graphics, enable devmode for more information
Textures were not found for one or more extended graphics, enable devmode for more information
Textures were not found for one or more extended graphics, enable devmode for more information
Textures were not found for one or more extended graphics, enable devmode for more information
Textures were not found for one or more extended graphics, enable devmode for more information
Textures were not found for one or more extended graphics, enable devmode for more information
Textures were not found for one or more extended graphics, enable devmode for more information
Alien race successfully completed 221 patches with harmony.
[SRTS Expanded] Compatibility with Save our Ship 2 and Combat Extended are temporarily disabled at the moment. SoS2 compatibility will happen soon(ish), CE compatibility will not. 
(Filename: C:\buildslave\unity\build\Runtime/Export/Debug/Debug.bindings.h Line: 39)

[RimHUD v1.11.3] Initialized
Reinforced Mechanoid 2 0.9b3
MoharFW.MoharGfx patched Mote.SpawnSetup successfully.
MoharFW OHFP - CompEggLayer_Patch applied
MoharFW YAHA - successfuly completed 7 harmony patches. 
PickUpAndHaul v0.1.3.2⅔ welcomes you to RimWorld with pointless logspam.
Medical Tab :: Tag Tongue is not associated with any pawnCapacity. This may be intentional. For modders; if the tag defName contains the capacity defName the two will be linked. 
(Filename: C:\buildslave\unity\build\Runtime/Export/Debug/Debug.bindings.h Line: 39)

In ascension, shall we find revelations.
Let the descension commence.
[CMColorCodedMoodBar] CMColorCodedMoodBar 1.4.3509.1 initialized
[CMColorCodedMoodBar] Unable To Get Types For: Stabilize, Version=1.17.0.0, Culture=neutral, PublicKeyToken=null 
(Filename: C:\buildslave\unity\build\Runtime/Export/Debug/Debug.bindings.h Line: 39)

[CustomizableRecipe] Harmony patch completed.
d3d11: failed to create 2D texture id=39210 width=8192 height=16384 mips=15 dxgifmt=28 [D3D error was 8007000e]
 
(Filename:  Line: 587)

d3d11: failed to create 2D texture shader resource view id=39210 [D3D error was 80070057]
 
(Filename:  Line: 537)

Could not allocate memory: System out of memory!
Trying to allocate: 715827884B with 16 alignment. MemoryLabel: NewDelete
Allocation happened at: Line:0 in Overloaded New[]
Memory overview

[ ALLOC_TEMP_THREAD ] used: 32768B | peak: 0B | reserved: 4063232B 
[ ALLOC_TEMP_JOB_1_FRAME ] used: 0B | peak: 0B | reserved: 38797312B 
[ ALLOC_TEMP_JOB_2_FRAMES ] used: 0B | peak: 0B | reserved: 1048576B 
[ ALLOC_TEMP_JOB_4_FRAMES ] used: 0B | peak: 0B | reserved: 2097152B 
[ ALLOC_TEMP_JOB_ASYNC ] used: 0B | peak: 0B | reserved: 5242880B 
[ ALLOC_DEFAULT ] used: 586886090B | peak: 0B | reserved: 599691264B 
[ ALLOC_GFX ] used: 1059713752B | peak: 0B | reserved: 1073401856B 
[ ALLOC_CACHEOBJECTS ] used: 140887456B | peak: 0B | reserved: 144703488B 
[ ALLOC_TYPETREE ] used: 79744B | peak: 0B | reserved: 4194304B 
Could not allocate memory: System out of memory!
Trying to allocate: 715827884B with 16 alignment. MemoryLabel: NewDelete
Allocation happened at: Line:0 in Overloaded New[]
Memory overview

[ ALLOC_TEMP_THREAD ] used: 32768B | peak: 0B | reserved: 4063232B 
[ ALLOC_TEMP_JOB_1_FRAME ] used: 0B | peak: 0B | reserved: 38797312B 
[ ALLOC_TEMP_JOB_2_FRAMES ] used: 0B | peak: 0B | reserved: 1048576B 
[ ALLOC_TEMP_JOB_4_FRAMES ] used: 0B | peak: 0B | reserved: 2097152B 
[ ALLOC_TEMP_JOB_ASYNC ] used: 0B | peak: 0B | reserved: 5242880B 
[ ALLOC_DEFAULT ] used: 586886090B | peak: 0B | reserved: 599691264B 
[ ALLOC_GFX ] used: 1059713752B | peak: 0B | reserved: 1073401856B 
[ ALLOC_CACHEOBJECTS ] used: 140887456B | peak: 0B | reserved: 144703488B 
[ ALLOC_TYPETREE ] used: 79744B | peak: 0B | reserved: 4194304B 
 
(Filename:  Line: 1507)

Crash!!!
SymInit: Symbol-SearchPath: '.;C:\Users\User\Desktop\RimWorld.v1.4.3690\Game;C:\Users\User\Desktop\RimWorld.v1.4.3690\Game;C:\Windows;C:\Windows\system32;SRV*C:\websymbols*http://msdl.microsoft.com/download/symbols;', symOptions: 534, UserName: 'User'
OS-Version: 10.0.0
C:\Users\User\Desktop\RimWorld.v1.4.3690\Game\RimWorldWin64.exe:RimWorldWin64.exe (00007FF6614E0000), size: 667648 (result: 0), SymType: '-deferred-', PDB: '', fileVersion: 2019.4.30.51345
C:\Windows\SYSTEM32\ntdll.dll:ntdll.dll (00007FFE319F0000), size: 2179072 (result: 0), SymType: '-deferred-', PDB: '', fileVersion: 10.0.22621.1344
C:\Windows\System32\KERNEL32.DLL:KERNEL32.DLL (00007FFE30970000), size: 798720 (result: 0), SymType: '-deferred-', PDB: '', fileVersion: 10.0.22621.1344
C:\Windows\System32\KERNELBASE.dll:KERNELBASE.dll (00007FFE2F340000), size: 3784704 (result: 0), SymType: '-deferred-', PDB: '', fileVersion: 10.0.22621.1413
C:\Users\User\Desktop\RimWorld.v1.4.3690\Game\UnityPlayer.dll:UnityPlayer.dll (00007FFDE1740000), size: 27037696 (result: 0), SymType: '-deferred-', PDB: '', fileVersion: 2019.4.30.51345
C:\Windows\System32\USER32.dll:USER32.dll (00007FFE300A0000), size: 1757184 (result: 0), SymType: '-deferred-', PDB: '', fileVersion: 10.0.22621.1344
C:\Windows\System32\win32u.dll:win32u.dll (00007FFE2F020000), size: 155648 (result: 0), SymType: '-deferred-', PDB: '', fileVersion: 10.0.22621.1413
C:\Windows\System32\GDI32.dll:GDI32.dll (00007FFE307B0000), size: 167936 (result: 0), SymType: '-deferred-', PDB: '', fileVersion: 10.0.22621.608
C:\Windows\System32\gdi32full.dll:gdi32full.dll (00007FFE2F6E0000), size: 1126400 (result: 0), SymType: '-deferred-', PDB: '', fileVersion: 10.0.22621.1344
C:\Windows\System32\msvcp_win.dll:msvcp_win.dll (00007FFE2F050000), size: 630784 (result: 0), SymType: '-deferred-', PDB: '', fileVersion: 10.0.22621.608
C:\Windows\System32\ucrtbase.dll:ucrtbase.dll (00007FFE2F0F0000), size: 1118208 (result: 0), SymType: '-deferred-', PDB: '', fileVersion: 10.0.22621.608
C:\Windows\System32\ole32.dll:ole32.dll (00007FFE2F800000), size: 1687552 (result: 0), SymType: '-deferred-', PDB: '', fileVersion: 10.0.22621.608
C:\Windows\System32\combase.dll:combase.dll (00007FFE314D0000), size: 3706880 (result: 0), SymType: '-deferred-', PDB: '', fileVersion: 10.0.22621.1344
C:\Windows\System32\RPCRT4.dll:RPCRT4.dll (00007FFE2FC20000), size: 1134592 (result: 0), SymType: '-deferred-', PDB: '', fileVersion: 10.0.22621.1413
C:\Windows\SYSTEM32\VERSION.dll:VERSION.dll (00007FFE27850000), size: 40960 (result: 0), SymType: '-deferred-', PDB: '', fileVersion: 10.0.22621.1
C:\Windows\System32\msvcrt.dll:msvcrt.dll (00007FFE2FFF0000), size: 684032 (result: 0), SymType: '-deferred-', PDB: '', fileVersion: 7.0.22621.608
C:\Windows\System32\SHLWAPI.dll:SHLWAPI.dll (00007FFE31860000), size: 385024 (result: 0), SymType: '-deferred-', PDB: '', fileVersion: 10.0.22621.608
C:\Windows\System32\SETUPAPI.dll:SETUPAPI.dll (00007FFE30330000), size: 4669440 (result: 0), SymType: '-deferred-', PDB: '', fileVersion: 10.0.22621.1344
C:\Windows\System32\ADVAPI32.dll:ADVAPI32.dll (00007FFE318C0000), size: 712704 (result: 0), SymType: '-deferred-', PDB: '', fileVersion: 10.0.22621.608
C:\Windows\System32\sechost.dll:sechost.dll (00007FFE30840000), size: 671744 (result: 0), SymType: '-deferred-', PDB: '', fileVersion: 10.0.22621.608
C:\Windows\System32\SHELL32.dll:SHELL32.dll (00007FFE30CE0000), size: 8323072 (result: 0), SymType: '-deferred-', PDB: '', fileVersion: 10.0.22621.1344
C:\Windows\System32\OLEAUT32.dll:OLEAUT32.dll (00007FFE2FD40000), size: 880640 (result: 0), SymType: '-deferred-', PDB: '', fileVersion: 10.0.22621.608
C:\Windows\System32\IMM32.dll:IMM32.dll (00007FFE31970000), size: 200704 (result: 0), SymType: '-deferred-', PDB: '', fileVersion: 10.0.22621.1344
C:\Windows\SYSTEM32\WINMM.dll:WINMM.dll (00007FFE268D0000), size: 212992 (result: 0), SymType: '-deferred-', PDB: '', fileVersion: 10.0.22621.608
C:\Windows\SYSTEM32\OPENGL32.dll:OPENGL32.dll (00007FFDFA7A0000), size: 1048576 (result: 0), SymType: '-deferred-', PDB: '', fileVersion: 10.0.22621.608
C:\Windows\System32\CRYPT32.dll:CRYPT32.dll (00007FFE2EE30000), size: 1466368 (result: 0), SymType: '-deferred-', PDB: '', fileVersion: 10.0.22621.674
C:\Windows\System32\WS2_32.dll:WS2_32.dll (00007FFE308F0000), size: 462848 (result: 0), SymType: '-deferred-', PDB: '', fileVersion: 10.0.22621.1
C:\Windows\SYSTEM32\WINHTTP.dll:WINHTTP.dll (00007FFE29690000), size: 1241088 (result: 0), SymType: '-deferred-', PDB: '', fileVersion: 10.0.22621.608
C:\Windows\SYSTEM32\bcrypt.dll:bcrypt.dll (00007FFE2E7E0000), size: 163840 (result: 0), SymType: '-deferred-', PDB: '', fileVersion: 10.0.22621.1344
C:\Windows\SYSTEM32\HID.DLL:HID.DLL (00007FFE2D720000), size: 57344 (result: 0), SymType: '-deferred-', PDB: '', fileVersion: 10.0.22621.1
C:\Windows\SYSTEM32\GLU32.dll:GLU32.dll (00007FFE079D0000), size: 184320 (result: 0), SymType: '-deferred-', PDB: '', fileVersion: 10.0.22621.608
C:\Windows\SYSTEM32\dxcore.dll:dxcore.dll (00007FFE2C670000), size: 221184 (result: 0), SymType: '-deferred-', PDB: '', fileVersion: 10.0.22621.608
C:\Windows\SYSTEM32\kernel.appcore.dll:kernel.appcore.dll (00007FFE2DF70000), size: 98304 (result: 0), SymType: '-deferred-', PDB: '', fileVersion: 10.0.22621.1
C:\Windows\System32\bcryptPrimitives.dll:bcryptPrimitives.dll (00007FFE2EFA0000), size: 503808 (result: 0), SymType: '-deferred-', PDB: '', fileVersion: 10.0.22621.1344
C:\Windows\system32\uxtheme.dll:uxtheme.dll (00007FFE2C3B0000), size: 700416 (result: 0), SymType: '-deferred-', PDB: '', fileVersion: 10.0.22621.608
C:\Windows\System32\shcore.dll:shcore.dll (00007FFE30BC0000), size: 987136 (result: 0), SymType: '-deferred-', PDB: '', fileVersion: 10.0.22621.900
C:\Windows\SYSTEM32\windows.storage.dll:windows.storage.dll (00007FFE2CE50000), size: 9232384 (result: 0), SymType: '-deferred-', PDB: '', fileVersion: 10.0.22621.1344
C:\Windows\SYSTEM32\wintypes.dll:wintypes.dll (00007FFE2CD10000), size: 1302528 (result: 0), SymType: '-deferred-', PDB: '', fileVersion: 10.0.22621.1344
C:\Windows\SYSTEM32\profapi.dll:profapi.dll (00007FFE2ED60000), size: 135168 (result: 0), SymType: '-deferred-', PDB: '', fileVersion: 10.0.22621.1
C:\Users\User\Desktop\RimWorld.v1.4.3690\Game\MonoBleedingEdge\EmbedRuntime\mono-2.0-bdwgc.dll:mono-2.0-bdwgc.dll (00007FFDE0FD0000), size: 7790592 (result: 0), SymType: '-deferred-', PDB: ''
C:\Windows\System32\PSAPI.DLL:PSAPI.DLL (00007FFE2FE20000), size: 32768 (result: 0), SymType: '-deferred-', PDB: '', fileVersion: 10.0.22621.1
C:\Windows\SYSTEM32\iphlpapi.dll:iphlpapi.dll (00007FFE2D9E0000), size: 184320 (result: 0), SymType: '-deferred-', PDB: '', fileVersion: 10.0.22621.1
C:\Windows\System32\MSCTF.dll:MSCTF.dll (00007FFE2FEC0000), size: 1171456 (result: 0), SymType: '-deferred-', PDB: '', fileVersion: 10.0.22621.1344
C:\Windows\SYSTEM32\d3d11.dll:d3d11.dll (00007FFE2B3B0000), size: 2453504 (result: 0), SymType: '-deferred-', PDB: '', fileVersion: 10.0.22621.1344
C:\Windows\SYSTEM32\dxgi.dll:dxgi.dll (00007FFE2C4F0000), size: 1011712 (result: 0), SymType: '-deferred-', PDB: '', fileVersion: 10.0.22621.1344
C:\Windows\SYSTEM32\directxdatabasehelper.dll:directxdatabasehelper.dll (00007FFE293A0000), size: 299008 (result: 0), SymType: '-deferred-', PDB: '', fileVersion: 10.0.22621.1344
C:\Windows\System32\DriverStore\FileRepository\u0390319.inf_amd64_32d8157dec983dab\B389920\aticfx64.dll:aticfx64.dll (00007FFE26910000), size: 1814528 (result: 0), SymType: '-deferred-', PDB: '', fileVersion: 31.0.14043.7000
C:\Windows\System32\DriverStore\FileRepository\u0390319.inf_amd64_32d8157dec983dab\B389920\atiuxp64.dll:atiuxp64.dll (00007FFE26820000), size: 233472 (result: 0), SymType: '-deferred-', PDB: '', fileVersion: 31.0.14043.7000
C:\Windows\System32\DriverStore\FileRepository\u0390319.inf_amd64_32d8157dec983dab\B389920\atidxx64.dll:atidxx64.dll (00007FFE248B0000), size: 32952320 (result: 0), SymType: '-deferred-', PDB: '', fileVersion: 31.0.14043.7000
C:\Windows\SYSTEM32\cfgmgr32.DLL:cfgmgr32.DLL (00007FFE2EB20000), size: 319488 (result: 0), SymType: '-deferred-', PDB: '', fileVersion: 10.0.22621.1344
C:\Windows\SYSTEM32\apphelp.dll:apphelp.dll (00007FFE2C260000), size: 618496 (result: 0), SymType: '-deferred-', PDB: '', fileVersion: 10.0.22621.1344
C:\Windows\SYSTEM32\amdihk64.dll:amdihk64.dll (00007FFE24870000), size: 217088 (result: 0), SymType: '-deferred-', PDB: '', fileVersion: 2.0.0.1788
C:\Windows\System32\clbcatq.dll:clbcatq.dll (00007FFE2FB70000), size: 720896 (result: 0), SymType: '-deferred-', PDB: '', fileVersion: 2001.12.10941.16384
C:\Windows\system32\wbem\wbemprox.dll:wbemprox.dll (00007FFE178E0000), size: 65536 (result: 0), SymType: '-deferred-', PDB: '', fileVersion: 10.0.22621.1
C:\Windows\SYSTEM32\wbemcomn.dll:wbemcomn.dll (00007FFE1DB00000), size: 524288 (result: 0), SymType: '-deferred-', PDB: '', fileVersion: 10.0.22621.1
C:\Windows\system32\wbem\wbemsvc.dll:wbemsvc.dll (00007FFE18090000), size: 81920 (result: 0), SymType: '-deferred-', PDB: '', fileVersion: 10.0.22621.1
C:\Windows\system32\wbem\fastprox.dll:fastprox.dll (00007FFE14700000), size: 1015808 (result: 0), SymType: '-deferred-', PDB: '', fileVersion: 10.0.22621.608
C:\Windows\SYSTEM32\amsi.dll:amsi.dll (00007FFE17ED0000), size: 118784 (result: 0), SymType: '-deferred-', PDB: '', fileVersion: 10.0.22621.1
C:\Windows\SYSTEM32\USERENV.dll:USERENV.dll (00007FFE2E4E0000), size: 163840 (result: 0), SymType: '-deferred-', PDB: '', fileVersion: 10.0.22621.1
C:\ProgramData\Microsoft\Windows Defender\Platform\4.18.2302.7-0\MpOav.dll:MpOav.dll (00007FFE17E50000), size: 503808 (result: 0), SymType: '-deferred-', PDB: '', fileVersion: 4.18.2302.7
C:\Windows\System32\MMDevApi.dll:MMDevApi.dll (00007FFE21B50000), size: 643072 (result: 0), SymType: '-deferred-', PDB: '', fileVersion: 10.0.22621.608
C:\Windows\System32\DEVOBJ.dll:DEVOBJ.dll (00007FFE2EAF0000), size: 180224 (result: 0), SymType: '-deferred-', PDB: '', fileVersion: 10.0.22621.1344
C:\Windows\SYSTEM32\AUDIOSES.DLL:AUDIOSES.DLL (00007FFE1B3C0000), size: 1986560 (result: 0), SymType: '-deferred-', PDB: '', fileVersion: 10.0.22621.900
C:\Windows\SYSTEM32\resourcepolicyclient.dll:resourcepolicyclient.dll (00007FFE2C910000), size: 86016 (result: 0), SymType: '-deferred-', PDB: '', fileVersion: 10.0.22621.1
C:\Windows\SYSTEM32\powrprof.dll:powrprof.dll (00007FFE2DD40000), size: 315392 (result: 0), SymType: '-deferred-', PDB: '', fileVersion: 10.0.22621.1344
C:\Windows\SYSTEM32\UMPDC.dll:UMPDC.dll (00007FFE2DD20000), size: 77824 (result: 0), SymType: '-deferred-', PDB: '', fileVersion: 10.0.22621.1
C:\Windows\SYSTEM32\xinput1_3.dll:xinput1_3.dll (0000000000400000), size: 122880 (result: 0), SymType: '-deferred-', PDB: '', fileVersion: 9.18.944.0
C:\Windows\SYSTEM32\dcomp.dll:dcomp.dll (00007FFE2B620000), size: 2371584 (result: 0), SymType: '-deferred-', PDB: '', fileVersion: 10.0.22621.1344
C:\Windows\SYSTEM32\dwmapi.dll:dwmapi.dll (00007FFE2C600000), size: 176128 (result: 0), SymType: '-deferred-', PDB: '', fileVersion: 10.0.22621.608
C:\Windows\SYSTEM32\textinputframework.dll:textinputframework.dll (00007FFE20090000), size: 1236992 (result: 0), SymType: '-deferred-', PDB: '', fileVersion: 10.0.22621.1344
C:\Users\User\Desktop\RimWorld.v1.4.3690\Game\RimWorldWin64_Data\Plugins\x86_64\steam_api64.dll:steam_api64.dll (00007FFDE03D0000), size: 1118208 (result: 0), SymType: '-deferred-', PDB: '', fileVersion: 1.0.1.42
C:\Windows\SYSTEM32\CRYPTSP.dll:CRYPTSP.dll (00007FFE2E640000), size: 110592 (result: 0), SymType: '-deferred-', PDB: '', fileVersion: 10.0.22621.1
C:\Windows\system32\rsaenh.dll:rsaenh.dll (00007FFE2DEE0000), size: 217088 (result: 0), SymType: '-deferred-', PDB: '', fileVersion: 10.0.22621.1
C:\Windows\SYSTEM32\CRYPTBASE.dll:CRYPTBASE.dll (00007FFE2E660000), size: 49152 (result: 0), SymType: '-deferred-', PDB: '', fileVersion: 10.0.22621.1
C:\Windows\SYSTEM32\Msacm32.DLL:Msacm32.DLL (00007FFE1C2D0000), size: 122880 (result: 0), SymType: '-deferred-', PDB: '', fileVersion: 10.0.22621.1
C:\Windows\SYSTEM32\winmmbase.dll:winmmbase.dll (00007FFE1DC20000), size: 167936 (result: 0), SymType: '-deferred-', PDB: '', fileVersion: 10.0.22621.1
C:\Windows\System32\l3codeca.acm:l3codeca.acm (00007FFE2C140000), size: 114688 (result: 0), SymType: '-deferred-', PDB: '', fileVersion: 1.9.0.401
C:\Windows\SYSTEM32\dbghelp.dll:dbghelp.dll (00007FFE238E0000), size: 2285568 (result: 0), SymType: '-deferred-', PDB: '', fileVersion: 10.0.22621.1
C:\Windows\SYSTEM32\SspiCli.dll:SspiCli.dll (00007FFE2E1C0000), size: 270336 (result: 0), SymType: '-deferred-', PDB: '', fileVersion: 10.0.22621.674

========== OUTPUTTING STACK TRACE ==================

0x00007FFDE25142BB (UnityPlayer) UnityMain
0x00007FFDE2513DCA (UnityPlayer) UnityMain
0x00007FFDE1CCF202 (UnityPlayer) UnityMain
0x00007FFDE1CCD0CE (UnityPlayer) UnityMain
0x00007FFDE1CCCCD3 (UnityPlayer) UnityMain
0x00007FFDE1DD4491 (UnityPlayer) UnityMain
0x00007FFDE20C9097 (UnityPlayer) UnityMain
0x000001A51B7849D9 (Mono JIT Code) (wrapper managed-to-native) UnityEngine.Texture2D:Compress (UnityEngine.Texture2D,bool)
0x000001A5DCAAF5CB (Mono JIT Code) Verse.StaticTextureAtlas:Bake (bool)
0x000001A5DCAAE18B (Mono JIT Code) Verse.GlobalTextureAtlasManager:<BakeStaticAtlases>g__FlushBatch|7_0 (Verse.TextureAtlasGroupKey,Verse.GlobalTextureAtlasManager/<>c__DisplayClass7_0&)
0x000001A5DCAAD64B (Mono JIT Code) Verse.GlobalTextureAtlasManager:BakeStaticAtlases ()
0x000001A522CD59E3 (Mono JIT Code) Verse.PlayDataLoader/<>c:<DoPlayLoad>b__4_5 ()
0x000001A4F9ABE17C (Mono JIT Code) Verse.LongEventHandler:ExecuteToExecuteWhenFinished ()
0x000001A4F9ABE8CB (Mono JIT Code) Verse.LongEventHandler:UpdateCurrentAsynchronousEvent ()
0x000001A4F5E468A3 (Mono JIT Code) Verse.LongEventHandler:LongEventsUpdate (bool&)
0x000001A4FF357233 (Mono JIT Code) (wrapper dynamic-method) Verse.Root:Verse.Root.Update_Patch1 (Verse.Root)
0x000001A4F5E4536B (Mono JIT Code) Verse.Root_Entry:Update ()
0x000001A36CB9EC30 (Mono JIT Code) (wrapper runtime-invoke) object:runtime_invoke_void__this__ (object,intptr,intptr,intptr)
0x00007FFDE10FE270 (mono-2.0-bdwgc) mono_get_runtime_build_info
0x00007FFDE1082AE2 (mono-2.0-bdwgc) mono_perfcounters_init
0x00007FFDE108BB3F (mono-2.0-bdwgc) mono_runtime_invoke
0x00007FFDE201606D (UnityPlayer) UnityMain
0x00007FFDE2013443 (UnityPlayer) UnityMain
0x00007FFDE1FFC603 (UnityPlayer) UnityMain
0x00007FFDE1FFC6BD (UnityPlayer) UnityMain
0x00007FFDE1D88110 (UnityPlayer) UnityMain
0x00007FFDE1ED63C7 (UnityPlayer) UnityMain
0x00007FFDE1ED6463 (UnityPlayer) UnityMain
0x00007FFDE1ED88BC (UnityPlayer) UnityMain
  ERROR: SymGetSymFromAddr64, GetLastError: 'Geçersiz adrese erişim isteği.' (Address: 00007FFDE1C8751E)
0x00007FFDE1C8751E (UnityPlayer) (function-name not available)
  ERROR: SymGetSymFromAddr64, GetLastError: 'Geçersiz adrese erişim isteği.' (Address: 00007FFDE1C8627A)
0x00007FFDE1C8627A (UnityPlayer) (function-name not available)
  ERROR: SymGetSymFromAddr64, GetLastError: 'Geçersiz adrese erişim isteği.' (Address: 00007FFDE1C8A32C)
0x00007FFDE1C8A32C (UnityPlayer) (function-name not available)
0x00007FFDE1C8DE1B (UnityPlayer) UnityMain
  ERROR: SymGetSymFromAddr64, GetLastError: 'Geçersiz adrese erişim isteği.' (Address: 00007FF6614E11F2)
0x00007FF6614E11F2 (RimWorldWin64) (function-name not available)
0x00007FFE309826BD (KERNEL32) BaseThreadInitThunk
0x00007FFE31A4A9F8 (ntdll) RtlUserThreadStart

========== END OF STACKTRACE ===========

A crash has been intercepted by the crash handler. For call stack and other details, see the latest crash report generated in:
 * C:/Users/User/AppData/Local/Temp/Ludeon Studios/RimWorld by Ludeon Studios/Crashes
